<component name="libraryTable">
  <library name="junit" type="repository">
    <properties include-transitive-deps="false" maven-id="junit:junit:4.13.2" />
    <CLASSES>
      <root url="jar://$MAVEN_REPOSITORY$/junit/junit/4.13.2/junit-4.13.2.jar!/" />
    </CLASSES>
    <JAVADOC />
    <SOURCES />
  </library>
</component>